0 info it worked if it ends with ok
1 verbose cli [ '/usr/bin/node', '/usr/bin/npm', 'run', 'build' ]
2 info using npm@6.13.4
3 info using node@v10.19.0
4 verbose run-script [ 'prebuild', 'build', 'postbuild' ]
5 info lifecycle slo-hacks-2020@0.0.1~prebuild: slo-hacks-2020@0.0.1
6 info lifecycle slo-hacks-2020@0.0.1~build: slo-hacks-2020@0.0.1
7 verbose lifecycle slo-hacks-2020@0.0.1~build: unsafe-perm in lifecycle true
8 verbose lifecycle slo-hacks-2020@0.0.1~build: PATH: /usr/lib/node_modules/npm/node_modules/npm-lifecycle/node-gyp-bin:/mnt/c/Users/gideo/Documents/Repos/SLO-Hacks-2020/node_modules/.bin:/usr/local/sbin:/usr/local/bin:/usr/sbin:/usr/bin:/sbin:/bin:/usr/games:/usr/local/games:/mnt/c/Program Files (x86)/NVIDIA Corporation/PhysX/Common:/mnt/c/Windows/system32:/mnt/c/Windows:/mnt/c/Windows/System32/Wbem:/mnt/c/Windows/System32/WindowsPowerShell/v1.0/:/mnt/c/Windows/System32/OpenSSH/:/mnt/c/Program Files/Git/cmd:/mnt/c/Program Files/nodejs/:/mnt/c/ProgramData/chocolatey/bin:/mnt/c/Program Files (x86)/Calibre2/:/mnt/c/Users/gideo/AppData/Local/Programs/Python/Python38/Scripts/:/mnt/c/Users/gideo/AppData/Local/Programs/Python/Python38/:/mnt/c/Users/gideo/AppData/Local/Microsoft/WindowsApps:/mnt/c/Users/gideo/AppData/Local/Programs/Microsoft VS Code/bin:/mnt/c/Users/gideo/AppData/Roaming/npm:/mnt/c/Users/gideo/AppData/Local/GitHubDesktop/bin:/mnt/c/Users/gideo/AppData/Local/Programs/MiKTeX 2.9/miktex/bin/x64/:/mnt/c/Software/mingw/mingw64/bin:/mnt/c/Program Files/VideoLAN/VLC:/mnt/c/Users/gideo/AppData/Local/Google/Cloud SDK/google-cloud-sdk/bin:/snap/bin
9 verbose lifecycle slo-hacks-2020@0.0.1~build: CWD: /mnt/c/Users/gideo/Documents/Repos/SLO-Hacks-2020
10 silly lifecycle slo-hacks-2020@0.0.1~build: Args: [ '-c',
10 silly lifecycle   'cross-env NODE_ENV=production npm run chrome-build && cross-env NODE_ENV=production npm run opera-build && cross-env NODE_ENV=production npm run firefox-build' ]
11 silly lifecycle slo-hacks-2020@0.0.1~build: Returned: code: 1  signal: null
12 info lifecycle slo-hacks-2020@0.0.1~build: Failed to exec build script
13 verbose stack Error: slo-hacks-2020@0.0.1 build: `cross-env NODE_ENV=production npm run chrome-build && cross-env NODE_ENV=production npm run opera-build && cross-env NODE_ENV=production npm run firefox-build`
13 verbose stack Exit status 1
13 verbose stack     at EventEmitter.<anonymous> (/usr/lib/node_modules/npm/node_modules/npm-lifecycle/index.js:332:16)
13 verbose stack     at EventEmitter.emit (events.js:198:13)
13 verbose stack     at ChildProcess.<anonymous> (/usr/lib/node_modules/npm/node_modules/npm-lifecycle/lib/spawn.js:55:14)
13 verbose stack     at ChildProcess.emit (events.js:198:13)
13 verbose stack     at maybeClose (internal/child_process.js:982:16)
13 verbose stack     at Process.ChildProcess._handle.onexit (internal/child_process.js:259:5)
14 verbose pkgid slo-hacks-2020@0.0.1
15 verbose cwd /mnt/c/Users/gideo/Documents/Repos/SLO-Hacks-2020
16 verbose Linux 4.4.0-18362-Microsoft
17 verbose argv "/usr/bin/node" "/usr/bin/npm" "run" "build"
18 verbose node v10.19.0
19 verbose npm  v6.13.4
20 error code ELIFECYCLE
21 error errno 1
22 error slo-hacks-2020@0.0.1 build: `cross-env NODE_ENV=production npm run chrome-build && cross-env NODE_ENV=production npm run opera-build && cross-env NODE_ENV=production npm run firefox-build`
22 error Exit status 1
23 error Failed at the slo-hacks-2020@0.0.1 build script.
23 error This is probably not a problem with npm. There is likely additional logging output above.
24 verbose exit [ 1, true ]
